<?xml version="1.0" encoding="UTF-8"?>
<testng-results skipped="0" failed="0" ignored="0" total="1" passed="1">
  <reporter-output>
  </reporter-output>
  <suite name="Default suite" duration-ms="34932" started-at="2018-05-25T06:41:05Z" finished-at="2018-05-25T06:41:39Z">
    <groups>
    </groups>
    <test name="Default test" duration-ms="34932" started-at="2018-05-25T06:41:05Z" finished-at="2018-05-25T06:41:39Z">
      <class name="selprog.Multiplebrowsers">
        <test-method status="PASS" signature="m1()[pri:0, instance:selprog.Multiplebrowsers@1a57a3b]" name="m1" duration-ms="34917" started-at="2018-05-25T12:11:05Z" finished-at="2018-05-25T12:11:39Z">
          <reporter-output>
          </reporter-output>
        </test-method> <!-- m1 -->
      </class> <!-- selprog.Multiplebrowsers -->
    </test> <!-- Default test -->
  </suite> <!-- Default suite -->
</testng-results>
